Build started 3/20/2014 12:37:42 PM.
     1>Project "D:\data\dev\code\public\halo-windbg-extension\halo-windbg-extension\halo-windbg-extension.vcxproj" on node 2 (rebuild target(s)).
     1>_PrepareForClean:
         Deleting file "Debug\halo-windbg-extension.lastbuildstate".
       InitializeBuildStatus:
         Touching "Debug\halo-windbg-extension.unsuccessfulbuild".
       ClCompile:
         d:\programs\visual_studio_2010\VC\bin\CL.exe /c /ZI /nologo /W3 /WX- /Od /Oy- /D WIN32 /D _DEBUG /D _WINDOWS /D _USRDLL /D HALOWINDBGEXTENSION_EXPORTS /D _WINDLL /D _UNICODE /D UNICODE /Gm /EHsc /RTC1 /MDd /GS /fp:precise /Zc:wchar_t /Zc:forScope /Fo"Debug\\" /Fd"Debug\vc100.pdb" /Gd /TP /analyze- /errorReport:prompt main.cpp
         main.cpp
       ManifestResourceCompile:
         C:\Program Files (x86)\Microsoft SDKs\Windows\v7.0A\bin\rc.exe /nologo /fo"Debug\halo-windbg-extension.dll.embed.manifest.res" Debug\halo-windbg-extension_manifest.rc 
       Link:
         d:\programs\visual_studio_2010\VC\bin\link.exe /ERRORREPORT:PROMPT /OUT:"D:\data\dev\code\public\halo-windbg-extension\Debug\halo-windbg-extension.dll" /INCREMENTAL /NOLOGO kernel32.lib user32.lib gdi32.lib winspool.lib comdlg32.lib advapi32.lib shell32.lib ole32.lib oleaut32.lib uuid.lib odbc32.lib odbccp32.lib /MANIFEST /ManifestFile:"Debug\halo-windbg-extension.dll.intermediate.manifest" /MANIFESTUAC:"level='asInvoker' uiAccess='false'" /DEBUG /PDB:"D:\data\dev\code\public\halo-windbg-extension\Debug\halo-windbg-extension.pdb" /SUBSYSTEM:WINDOWS /TLBID:1 /DYNAMICBASE /NXCOMPAT /IMPLIB:"D:\data\dev\code\public\halo-windbg-extension\Debug\halo-windbg-extension.lib" /MACHINE:X86 /DLL "Debug\halo-windbg-extension.dll.embed.manifest.res"
         Debug\main.obj
       Manifest:
         Deleting file "Debug\halo-windbg-extension.dll.embed.manifest".
         C:\Program Files (x86)\Microsoft SDKs\Windows\v7.0A\bin\mt.exe /nologo /verbose /out:"Debug\halo-windbg-extension.dll.embed.manifest" /manifest "Debug\halo-windbg-extension.dll.intermediate.manifest"
         C:\Program Files (x86)\Microsoft SDKs\Windows\v7.0A\bin\rc.exe /nologo /fo"Debug\halo-windbg-extension.dll.embed.manifest.res" Debug\halo-windbg-extension_manifest.rc 
       LinkEmbedManifest:
         d:\programs\visual_studio_2010\VC\bin\link.exe /ERRORREPORT:PROMPT /OUT:"D:\data\dev\code\public\halo-windbg-extension\Debug\halo-windbg-extension.dll" /INCREMENTAL /NOLOGO kernel32.lib user32.lib gdi32.lib winspool.lib comdlg32.lib advapi32.lib shell32.lib ole32.lib oleaut32.lib uuid.lib odbc32.lib odbccp32.lib /MANIFEST /ManifestFile:"Debug\halo-windbg-extension.dll.intermediate.manifest" /MANIFESTUAC:"level='asInvoker' uiAccess='false'" /DEBUG /PDB:"D:\data\dev\code\public\halo-windbg-extension\Debug\halo-windbg-extension.pdb" /SUBSYSTEM:WINDOWS /TLBID:1 /DYNAMICBASE /NXCOMPAT /IMPLIB:"D:\data\dev\code\public\halo-windbg-extension\Debug\halo-windbg-extension.lib" /MACHINE:X86 /DLL "Debug\halo-windbg-extension.dll.embed.manifest.res"
         Debug\main.obj
         halo-windbg-extension.vcxproj -> D:\data\dev\code\public\halo-windbg-extension\Debug\halo-windbg-extension.dll
       FinalizeBuildStatus:
         Deleting file "Debug\halo-windbg-extension.unsuccessfulbuild".
         Touching "Debug\halo-windbg-extension.lastbuildstate".
     1>Done Building Project "D:\data\dev\code\public\halo-windbg-extension\halo-windbg-extension\halo-windbg-extension.vcxproj" (rebuild target(s)).

Build succeeded.

Time Elapsed 00:00:01.97
